2026-01-14 15:57:38 - Action: edit, ID: , Name: Briouates aux Crevettes, Price: 45, Category: 5
2026-01-14 15:57:38 - Validation failed - Action: edit, Name: Briouates aux Crevettes, Price: 45, Category: 5, ProductId: 
2026-01-14 16:00:14 - Action: edit, ID: 6, Name: Briouates aux Crevettes, Price: 45, Category: 5
2026-01-14 16:00:14 - Product found, updating...
2026-01-14 16:00:14 - Product updated successfully
2026-01-14 16:02:21 - Action: create, ID: , Name: teste, Price: 5111, Category: 3
2026-01-14 16:02:21 - Product created successfully
2026-01-14 16:02:33 - Action: edit, ID: 50, Name: ghamoii, Price: 5111, Category: 3
2026-01-14 16:02:33 - Product found, updating...
2026-01-14 16:02:33 - Product updated successfully
2026-01-14 16:04:40 - Action: edit, ID: 50, Name: salmaneeeee, Price: 5111, Category: 3
2026-01-14 16:04:40 - Product found, updating...
2026-01-14 16:04:40 - Product updated successfully
2026-01-14 16:18:02 - DELETE REQUEST - Product ID: 50
2026-01-14 16:18:02 - Product found, deleting: salmaneeeee
2026-01-14 16:18:02 - Product deleted successfully
2026-01-14 18:42:08 - DELETE REQUEST - Product ID: 14
2026-01-14 18:42:08 - Product found, deleting: Méchoui d'Agneau
2026-01-14 18:42:08 - Product deleted successfully
2026-01-14 18:42:17 - DELETE REQUEST - Product ID: 14
2026-01-14 18:42:17 - Product not found
2026-01-14 19:29:06 - Action: create, ID: , Name: teste, Price: 15, Category: 3
2026-01-14 19:29:06 - Product created successfully
2026-01-14 19:29:23 - Action: edit, ID: 51, Name: ghali, Price: 15, Category: 3
2026-01-14 19:29:23 - Product found, updating...
2026-01-14 19:29:23 - Product updated successfully
2026-01-14 19:29:26 - Action: edit, ID: 51, Name: ghali, Price: 15, Category: 3
2026-01-14 19:29:26 - Product found, updating...
2026-01-14 19:29:26 - Product updated successfully
2026-01-14 19:29:36 - DELETE REQUEST - Product ID: 51
2026-01-14 19:29:36 - Product found, deleting: ghali
2026-01-14 19:29:36 - Product deleted successfully
2026-01-14 19:30:38 - DELETE REQUEST - Product ID: 15
2026-01-14 19:30:38 - Product found, deleting: Kefta aux Œufs
2026-01-14 19:30:38 - Product deleted successfully
2026-01-14 19:30:47 - DELETE REQUEST - Product ID: 15
2026-01-14 19:30:47 - Product not found
